[2021-12-20 04:41:53.980] [exthost] [info] extension host started
[2021-12-20 04:41:53.980] [exthost] [error] Error: EEXIST: file already exists, open '/home/coder/.local/share/code-server/User/workspaceStorage/-4783a630/vscode.lock'
[2021-12-20 04:41:53.997] [exthost] [info] Lock '/home/coder/.local/share/code-server/User/workspaceStorage/-4783a630/vscode.lock': Could not acquire lock, checking if the file is stale.
[2021-12-20 04:41:54.004] [exthost] [info] Lock '/home/coder/.local/share/code-server/User/workspaceStorage/-4783a630/vscode.lock': The lock does not look stale, elapsed: 437202 ms, giving up.
[2021-12-20 04:41:54.016] [exthost] [info] Lock '/home/coder/.local/share/code-server/User/workspaceStorage/-4783a630-1/vscode.lock': Lock acquired.
[2021-12-20 04:41:54.053] [exthost] [info] ExtensionService#_doActivateExtension vscode.debug-auto-launch {"startup":true,"extensionId":{"value":"vscode.debug-auto-launch","_lower":"vscode.debug-auto-launch"},"activationEvent":"*"}
[2021-12-20 04:41:54.053] [exthost] [info] ExtensionService#loadCommonJSModule file:///usr/lib/code-server/vendor/modules/code-oss-dev/extensions/debug-auto-launch/dist/extension
[2021-12-20 04:41:54.076] [exthost] [info] ExtensionService#_doActivateExtension vscode.git {"startup":true,"extensionId":{"value":"vscode.github","_lower":"vscode.github"},"activationEvent":"*"}
[2021-12-20 04:41:54.076] [exthost] [info] ExtensionService#loadCommonJSModule file:///usr/lib/code-server/vendor/modules/code-oss-dev/extensions/git/dist/main
[2021-12-20 04:41:54.596] [exthost] [info] ExtensionService#_doActivateExtension ms-vscode.js-debug {"startup":false,"extensionId":{"value":"ms-vscode.js-debug","_lower":"ms-vscode.js-debug"},"activationEvent":"onCommand:extension.js-debug.clearAutoAttachVariables"}
[2021-12-20 04:41:54.596] [exthost] [info] ExtensionService#loadCommonJSModule file:///usr/lib/code-server/vendor/modules/code-oss-dev/extensions/ms-vscode.js-debug/src/extension.js
[2021-12-20 04:41:55.206] [exthost] [info] ExtensionService#_doActivateExtension vscode.github {"startup":true,"extensionId":{"value":"vscode.github","_lower":"vscode.github"},"activationEvent":"*"}
[2021-12-20 04:41:55.206] [exthost] [info] ExtensionService#loadCommonJSModule file:///usr/lib/code-server/vendor/modules/code-oss-dev/extensions/github/dist/extension.js
[2021-12-20 04:41:55.506] [exthost] [info] ExtensionService#_doActivateExtension vscode.emmet {"startup":false,"extensionId":{"value":"vscode.emmet","_lower":"vscode.emmet"},"activationEvent":"onStartupFinished"}
[2021-12-20 04:41:55.506] [exthost] [info] ExtensionService#loadCommonJSModule file:///usr/lib/code-server/vendor/modules/code-oss-dev/extensions/emmet/dist/node/emmetNodeMain
[2021-12-20 04:41:55.528] [exthost] [info] ExtensionService#_doActivateExtension vscode.merge-conflict {"startup":false,"extensionId":{"value":"vscode.merge-conflict","_lower":"vscode.merge-conflict"},"activationEvent":"onStartupFinished"}
[2021-12-20 04:41:55.528] [exthost] [info] ExtensionService#loadCommonJSModule file:///usr/lib/code-server/vendor/modules/code-oss-dev/extensions/merge-conflict/dist/mergeConflictMain
[2021-12-20 04:41:55.533] [exthost] [info] eager extensions activated
[2021-12-20 04:42:01.196] [exthost] [info] ExtensionService#_doActivateExtension vscode.configuration-editing {"startup":false,"extensionId":{"value":"vscode.configuration-editing","_lower":"vscode.configuration-editing"},"activationEvent":"onLanguage:jsonc"}
[2021-12-20 04:42:01.196] [exthost] [info] ExtensionService#loadCommonJSModule file:///usr/lib/code-server/vendor/modules/code-oss-dev/extensions/configuration-editing/dist/configurationEditingMain
[2021-12-20 04:42:01.205] [exthost] [info] ExtensionService#_doActivateExtension vscode.json-language-features {"startup":false,"extensionId":{"value":"vscode.json-language-features","_lower":"vscode.json-language-features"},"activationEvent":"onLanguage:jsonc"}
[2021-12-20 04:42:01.205] [exthost] [info] ExtensionService#loadCommonJSModule file:///usr/lib/code-server/vendor/modules/code-oss-dev/extensions/json-language-features/client/dist/node/jsonClientMain
[2021-12-20 04:42:01.297] [exthost] [info] ExtensionService#_doActivateExtension vscode.typescript-language-features {"startup":false,"extensionId":{"value":"vscode.typescript-language-features","_lower":"vscode.typescript-language-features"},"activationEvent":"onLanguage:jsonc"}
[2021-12-20 04:42:01.297] [exthost] [info] ExtensionService#loadCommonJSModule file:///usr/lib/code-server/vendor/modules/code-oss-dev/extensions/typescript-language-features/dist/extension
[2021-12-20 04:42:16.137] [exthost] [info] extension host terminating: received terminate message from renderer
[2021-12-20 04:42:16.138] [exthost] [info] Lock '/home/coder/.local/share/code-server/User/workspaceStorage/-4783a630-1/vscode.lock': Marking the lockfile as scheduled to be released in 6000 ms.
[2021-12-20 04:42:17.158] [exthost] [info] exiting with code 0
